<?xml version="1.0" encoding="UTF-8"?>
<!-- Generated by org.testng.reporters.JUnitXMLReporter -->
<testsuite hostname="MININT-QQK768U" name="FunctTest" tests="4" failures="0" timestamp="18 Feb 2016 20:24:24 GMT" time="0.018" errors="0">
  <testcase name="@BeforeSuite setUp" time="0.0" classname="com.test.HomePageTest">
    <failure type="org.openqa.selenium.WebDriverException" message="Target URL &amp;quot;http://www.whiteboxqa.com/&amp;quot; is not well-formed.
Command duration or timeout: 35 milliseconds
Build info: version: &amp;apos;2.52.0&amp;apos;, revision: &amp;apos;4c2593c&amp;apos;, time: &amp;apos;2016-02-11 19:06:42&amp;apos;
System info: host: &amp;apos;MININT-QQK768U&amp;apos;, ip: &amp;apos;192.168.56.1&amp;apos;, os.name: &amp;apos;Windows 7&amp;apos;, os.arch: &amp;apos;x86&amp;apos;, os.version: &amp;apos;6.1&amp;apos;, java.version: &amp;apos;1.7.0_76&amp;apos;
Session ID: 0634da61-9f3b-4837-a980-0e27daba1a57
Driver info: org.openqa.selenium.firefox.FirefoxDriver
Capabilities [{platform=WINDOWS, acceptSslCerts=true, javascriptEnabled=true, cssSelectorsEnabled=true, databaseEnabled=true, browserName=firefox, handlesAlerts=true, nativeEvents=false, webStorageEnabled=true, rotatable=false, locationContextEnabled=true, applicationCacheEnabled=true, takesScreenshot=true, version=44.0.2}]">
      <![CDATA[org.openqa.selenium.WebDriverException: Target URL "http://www.whiteboxqa.com/" is not well-formed.
Command duration or timeout: 35 milliseconds
Build info: version: '2.52.0', revision: '4c2593c', time: '2016-02-11 19:06:42'
System info: host: 'MININT-QQK768U', ip: '192.168.56.1', os.name: 'Windows 7', os.arch: 'x86', os.version: '6.1', java.version: '1.7.0_76'
Session ID: 0634da61-9f3b-4837-a980-0e27daba1a57
Driver info: org.openqa.selenium.firefox.FirefoxDriver
Capabilities [{platform=WINDOWS, acceptSslCerts=true, javascriptEnabled=true, cssSelectorsEnabled=true, databaseEnabled=true, browserName=firefox, handlesAlerts=true, nativeEvents=false, webStorageEnabled=true, rotatable=false, locationContextEnabled=true, applicationCacheEnabled=true, takesScreenshot=true, version=44.0.2}]
	at org.openqa.selenium.remote.ErrorHandler.createThrowable(ErrorHandler.java:206)
	at org.openqa.selenium.remote.ErrorHandler.throwIfResponseFailed(ErrorHandler.java:158)
	at org.openqa.selenium.remote.RemoteWebDriver.execute(RemoteWebDriver.java:678)
	at org.openqa.selenium.remote.RemoteWebDriver.get(RemoteWebDriver.java:316)
	at com.util.PageDriver.initializeBrowser(PageDriver.java:49)
	at com.util.PageDriver.<init>(PageDriver.java:24)
	at com.base.BaseTest.setUp(BaseTest.java:27)
Caused by: org.openqa.selenium.WebDriverException: Target URL "http://www.whiteboxqa.com/" is not well-formed.
Build info: version: '2.52.0', revision: '4c2593c', time: '2016-02-11 19:06:42'
System info: host: 'MININT-QQK768U', ip: '192.168.56.1', os.name: 'Windows 7', os.arch: 'x86', os.version: '6.1', java.version: '1.7.0_76'
Driver info: driver.version: unknown
	at <anonymous class>.FirefoxDriver.prototype.get(file:///C:/Users/Bala/AppData/Local/Temp/anonymous5638882401984396696webdriver-profile/extensions/fxdriver@googlecode.com/components/driver-component.js:10589)
	at <anonymous class>.DelayedCommand.prototype.executeInternal_/h(file:///C:/Users/Bala/AppData/Local/Temp/anonymous5638882401984396696webdriver-profile/extensions/fxdriver@googlecode.com/components/command-processor.js:12614)
	at <anonymous class>.DelayedCommand.prototype.executeInternal_(file:///C:/Users/Bala/AppData/Local/Temp/anonymous5638882401984396696webdriver-profile/extensions/fxdriver@googlecode.com/components/command-processor.js:12619)
	at <anonymous class>.DelayedCommand.prototype.execute/<(file:///C:/Users/Bala/AppData/Local/Temp/anonymous5638882401984396696webdriver-profile/extensions/fxdriver@googlecode.com/components/command-processor.js:12561)
... Removed 22 stack frames]]>
    </failure>
  </testcase> <!-- @BeforeSuite setUp -->
  <testcase name="@BeforeClass initialize" time="0.0" classname="com.test.HomePageTest">
    <skipped/>
  </testcase> <!-- @BeforeClass initialize -->
  <testcase name="@AfterClass quit" time="0.0" classname="com.test.HomePageTest">
    <skipped/>
  </testcase> <!-- @AfterClass quit -->
  <testcase name="@BeforeClass initialize" time="0.0" classname="com.test.LoginPageTest">
    <skipped/>
  </testcase> <!-- @BeforeClass initialize -->
  <testcase name="@AfterClass quit" time="0.0" classname="com.test.LoginPageTest">
    <skipped/>
  </testcase> <!-- @AfterClass quit -->
  <testcase name="testCountsocialIcons" time="0.0" classname="com.test.HomePageTest">
    <skipped/>
  </testcase> <!-- testCountsocialIcons -->
  <testcase name="testLoginClick" time="0.0" classname="com.test.HomePageTest">
    <skipped/>
  </testcase> <!-- testLoginClick -->
  <testcase name="testInvalidLogin" time="0.0" classname="com.test.LoginPageTest">
    <skipped/>
  </testcase> <!-- testInvalidLogin -->
  <testcase name="testInvalidLogin" time="0.0" classname="com.test.LoginPageTest">
    <skipped/>
  </testcase> <!-- testInvalidLogin -->
</testsuite> <!-- FunctTest -->
